mode: set
github.com/um198/wallet/pkg/wallet/service.go:23.78,24.37 1 1
github.com/um198/wallet/pkg/wallet/service.go:29.2,37.21 4 1
github.com/um198/wallet/pkg/wallet/service.go:24.37,25.29 1 0
github.com/um198/wallet/pkg/wallet/service.go:25.29,27.4 1 0
github.com/um198/wallet/pkg/wallet/service.go:40.71,41.18 1 1
github.com/um198/wallet/pkg/wallet/service.go:45.2,46.33 2 1
github.com/um198/wallet/pkg/wallet/service.go:53.2,53.20 1 1
github.com/um198/wallet/pkg/wallet/service.go:57.2,58.12 2 1
github.com/um198/wallet/pkg/wallet/service.go:41.18,43.3 1 0
github.com/um198/wallet/pkg/wallet/service.go:46.33,47.26 1 1
github.com/um198/wallet/pkg/wallet/service.go:47.26,49.9 2 1
github.com/um198/wallet/pkg/wallet/service.go:53.20,55.3 1 0
github.com/um198/wallet/pkg/wallet/service.go:61.76,63.33 2 1
github.com/um198/wallet/pkg/wallet/service.go:69.2,69.20 1 1
github.com/um198/wallet/pkg/wallet/service.go:72.2,72.21 1 1
github.com/um198/wallet/pkg/wallet/service.go:63.33,64.26 1 1
github.com/um198/wallet/pkg/wallet/service.go:64.26,66.9 2 1
github.com/um198/wallet/pkg/wallet/service.go:69.20,71.3 1 0
github.com/um198/wallet/pkg/wallet/service.go:75.77,77.33 2 1
github.com/um198/wallet/pkg/wallet/service.go:83.2,83.20 1 1
github.com/um198/wallet/pkg/wallet/service.go:86.2,86.21 1 1
github.com/um198/wallet/pkg/wallet/service.go:77.33,78.26 1 1
github.com/um198/wallet/pkg/wallet/service.go:78.26,80.9 2 1
github.com/um198/wallet/pkg/wallet/service.go:83.20,85.3 1 1
github.com/um198/wallet/pkg/wallet/service.go:89.50,91.16 2 1
github.com/um198/wallet/pkg/wallet/service.go:94.2,95.16 2 1
github.com/um198/wallet/pkg/wallet/service.go:99.2,101.12 3 1
github.com/um198/wallet/pkg/wallet/service.go:91.16,93.3 1 0
github.com/um198/wallet/pkg/wallet/service.go:95.16,97.3 1 0
github.com/um198/wallet/pkg/wallet/service.go:104.116,105.17 1 1
github.com/um198/wallet/pkg/wallet/service.go:108.2,109.33 2 1
github.com/um198/wallet/pkg/wallet/service.go:115.2,115.20 1 1
github.com/um198/wallet/pkg/wallet/service.go:118.2,118.30 1 1
github.com/um198/wallet/pkg/wallet/service.go:121.2,131.21 5 1
github.com/um198/wallet/pkg/wallet/service.go:105.17,107.3 1 0
github.com/um198/wallet/pkg/wallet/service.go:109.33,110.26 1 1
github.com/um198/wallet/pkg/wallet/service.go:110.26,112.9 2 1
github.com/um198/wallet/pkg/wallet/service.go:115.20,117.3 1 0
github.com/um198/wallet/pkg/wallet/service.go:118.30,120.3 1 0
github.com/um198/wallet/pkg/wallet/service.go:135.68,137.16 2 1
github.com/um198/wallet/pkg/wallet/service.go:141.2,151.16 4 1
github.com/um198/wallet/pkg/wallet/service.go:155.2,158.24 3 1
github.com/um198/wallet/pkg/wallet/service.go:137.16,139.3 1 0
github.com/um198/wallet/pkg/wallet/service.go:151.16,153.3 1 0
github.com/um198/wallet/pkg/wallet/service.go:162.91,164.16 2 1
github.com/um198/wallet/pkg/wallet/service.go:168.2,179.25 4 1
github.com/um198/wallet/pkg/wallet/service.go:164.16,166.3 1 0
github.com/um198/wallet/pkg/wallet/service.go:183.78,185.34 2 1
github.com/um198/wallet/pkg/wallet/service.go:192.2,192.19 1 1
github.com/um198/wallet/pkg/wallet/service.go:196.2,206.16 4 1
github.com/um198/wallet/pkg/wallet/service.go:210.2,213.24 3 1
github.com/um198/wallet/pkg/wallet/service.go:185.34,186.25 1 1
github.com/um198/wallet/pkg/wallet/service.go:186.25,188.9 2 1
github.com/um198/wallet/pkg/wallet/service.go:192.19,194.3 1 0
github.com/um198/wallet/pkg/wallet/service.go:206.16,208.3 1 0
