mode: set
github.com/um198/wallet/pkg/wallet/service.go:21.78,22.37 1 1
github.com/um198/wallet/pkg/wallet/service.go:27.2,35.21 4 1
github.com/um198/wallet/pkg/wallet/service.go:22.37,23.29 1 0
github.com/um198/wallet/pkg/wallet/service.go:23.29,25.4 1 0
github.com/um198/wallet/pkg/wallet/service.go:38.71,39.18 1 1
github.com/um198/wallet/pkg/wallet/service.go:43.2,44.33 2 1
github.com/um198/wallet/pkg/wallet/service.go:51.2,51.20 1 1
github.com/um198/wallet/pkg/wallet/service.go:55.2,56.12 2 1
github.com/um198/wallet/pkg/wallet/service.go:39.18,41.3 1 0
github.com/um198/wallet/pkg/wallet/service.go:44.33,45.26 1 1
github.com/um198/wallet/pkg/wallet/service.go:45.26,47.9 2 1
github.com/um198/wallet/pkg/wallet/service.go:51.20,53.3 1 0
github.com/um198/wallet/pkg/wallet/service.go:60.76,62.33 2 1
github.com/um198/wallet/pkg/wallet/service.go:68.2,68.20 1 1
github.com/um198/wallet/pkg/wallet/service.go:71.2,71.21 1 1
github.com/um198/wallet/pkg/wallet/service.go:62.33,63.26 1 1
github.com/um198/wallet/pkg/wallet/service.go:63.26,65.9 2 1
github.com/um198/wallet/pkg/wallet/service.go:68.20,70.3 1 0
github.com/um198/wallet/pkg/wallet/service.go:75.77,77.33 2 1
github.com/um198/wallet/pkg/wallet/service.go:83.2,83.20 1 1
github.com/um198/wallet/pkg/wallet/service.go:86.2,86.21 1 1
github.com/um198/wallet/pkg/wallet/service.go:77.33,78.26 1 1
github.com/um198/wallet/pkg/wallet/service.go:78.26,80.9 2 1
github.com/um198/wallet/pkg/wallet/service.go:83.20,85.3 1 1
github.com/um198/wallet/pkg/wallet/service.go:90.51,92.16 2 1
github.com/um198/wallet/pkg/wallet/service.go:95.2,96.16 2 1
github.com/um198/wallet/pkg/wallet/service.go:100.2,102.12 3 1
github.com/um198/wallet/pkg/wallet/service.go:92.16,94.3 1 0
github.com/um198/wallet/pkg/wallet/service.go:96.16,98.3 1 0
github.com/um198/wallet/pkg/wallet/service.go:105.116,106.17 1 1
github.com/um198/wallet/pkg/wallet/service.go:109.2,110.33 2 1
github.com/um198/wallet/pkg/wallet/service.go:116.2,116.20 1 1
github.com/um198/wallet/pkg/wallet/service.go:119.2,119.30 1 1
github.com/um198/wallet/pkg/wallet/service.go:122.2,132.21 5 1
github.com/um198/wallet/pkg/wallet/service.go:106.17,108.3 1 0
github.com/um198/wallet/pkg/wallet/service.go:110.33,111.26 1 1
github.com/um198/wallet/pkg/wallet/service.go:111.26,113.9 2 1
github.com/um198/wallet/pkg/wallet/service.go:116.20,118.3 1 0
github.com/um198/wallet/pkg/wallet/service.go:119.30,121.3 1 0
github.com/um198/wallet/pkg/wallet/service.go:136.69,138.16 2 1
github.com/um198/wallet/pkg/wallet/service.go:142.2,152.16 4 1
github.com/um198/wallet/pkg/wallet/service.go:156.2,159.24 3 1
github.com/um198/wallet/pkg/wallet/service.go:138.16,140.3 1 0
github.com/um198/wallet/pkg/wallet/service.go:152.16,154.3 1 0
